<?xml version="1.0" encoding="UTF-8" ?>
<testsuite tests="121" failures="0" name="org.apache.commons.io.FileUtilsTestCase" time="2.29" errors="0" skipped="0">
  <properties>
    <property name="java.runtime.name" value="OpenJDK Runtime Environment"/>
    <property name="sun.boot.library.path" value="/usr/lib/jvm/java-8-openjdk-amd64/jre/lib/amd64"/>
    <property name="java.vm.version" value="25.151-b12"/>
    <property name="java.vm.vendor" value="Oracle Corporation"/>
    <property name="maven.multiModuleProjectDirectory" value="/home/srinivas/Masters/Sem-5/DR/src/commons-io-319"/>
    <property name="java.vendor.url" value="http://java.oracle.com/"/>
    <property name="path.separator" value=":"/>
    <property name="guice.disable.misplaced.annotation.check" value="true"/>
    <property name="java.vm.name" value="OpenJDK 64-Bit Server VM"/>
    <property name="file.encoding.pkg" value="sun.io"/>
    <property name="user.country" value="US"/>
    <property name="sun.java.launcher" value="SUN_STANDARD"/>
    <property name="sun.os.patch.level" value="unknown"/>
    <property name="java.vm.specification.name" value="Java Virtual Machine Specification"/>
    <property name="user.dir" value="/home/srinivas/Masters/Sem-5/DR/src/commons-io-319"/>
    <property name="java.runtime.version" value="1.8.0_151-8u151-b12-0ubuntu0.16.04.2-b12"/>
    <property name="java.awt.graphicsenv" value="sun.awt.X11GraphicsEnvironment"/>
    <property name="java.endorsed.dirs" value="/usr/lib/jvm/java-8-openjdk-amd64/jre/lib/endorsed"/>
    <property name="os.arch" value="amd64"/>
    <property name="java.io.tmpdir" value="/tmp"/>
    <property name="line.separator" value="
"/>
    <property name="java.vm.specification.vendor" value="Oracle Corporation"/>
    <property name="os.name" value="Linux"/>
    <property name="classworlds.conf" value="/usr/share/maven/bin/m2.conf"/>
    <property name="sun.jnu.encoding" value="UTF-8"/>
    <property name="java.library.path" value="/usr/java/packages/lib/amd64:/usr/lib/x86_64-linux-gnu/jni:/lib/x86_64-linux-gnu:/usr/lib/x86_64-linux-gnu:/usr/lib/jni:/lib:/usr/lib"/>
    <property name="java.specification.name" value="Java Platform API Specification"/>
    <property name="java.class.version" value="52.0"/>
    <property name="sun.management.compiler" value="HotSpot 64-Bit Tiered Compilers"/>
    <property name="os.version" value="4.10.0-38-generic"/>
    <property name="user.home" value="/home/srinivas"/>
    <property name="user.timezone" value="America/Los_Angeles"/>
    <property name="java.awt.printerjob" value="sun.print.PSPrinterJob"/>
    <property name="file.encoding" value="UTF-8"/>
    <property name="java.specification.version" value="1.8"/>
    <property name="user.name" value="srinivas"/>
    <property name="java.class.path" value="/usr/share/maven/boot/plexus-classworlds-2.x.jar"/>
    <property name="java.vm.specification.version" value="1.8"/>
    <property name="sun.arch.data.model" value="64"/>
    <property name="java.home" value="/usr/lib/jvm/java-8-openjdk-amd64/jre"/>
    <property name="sun.java.command" value="org.codehaus.plexus.classworlds.launcher.Launcher test"/>
    <property name="java.specification.vendor" value="Oracle Corporation"/>
    <property name="user.language" value="en"/>
    <property name="awt.toolkit" value="sun.awt.X11.XToolkit"/>
    <property name="java.vm.info" value="mixed mode"/>
    <property name="java.version" value="1.8.0_151"/>
    <property name="java.ext.dirs" value="/usr/lib/jvm/java-8-openjdk-amd64/jre/lib/ext:/usr/java/packages/lib/ext"/>
    <property name="securerandom.source" value="file:/dev/./urandom"/>
    <property name="sun.boot.class.path" value="/usr/lib/jvm/java-8-openjdk-amd64/jre/lib/resources.jar:/usr/lib/jvm/java-8-openjdk-amd64/jre/lib/rt.jar:/usr/lib/jvm/java-8-openjdk-amd64/jre/lib/sunrsasign.jar:/usr/lib/jvm/java-8-openjdk-amd64/jre/lib/jsse.jar:/usr/lib/jvm/java-8-openjdk-amd64/jre/lib/jce.jar:/usr/lib/jvm/java-8-openjdk-amd64/jre/lib/charsets.jar:/usr/lib/jvm/java-8-openjdk-amd64/jre/lib/jfr.jar:/usr/lib/jvm/java-8-openjdk-amd64/jre/classes"/>
    <property name="java.vendor" value="Oracle Corporation"/>
    <property name="maven.home" value="/usr/share/maven"/>
    <property name="file.separator" value="/"/>
    <property name="java.vendor.url.bug" value="http://bugreport.sun.com/bugreport/"/>
    <property name="sun.cpu.endian" value="little"/>
    <property name="sun.io.unicode.encoding" value="UnicodeLittle"/>
    <property name="sun.desktop" value="gnome"/>
    <property name="sun.cpu.isalist" value=""/>
  </properties>
  <testcase classname="org.apache.commons.io.FileUtilsTestCase" name="test_openOutputStream_notExistsCannotCreate" time="0.014"/>
  <testcase classname="org.apache.commons.io.FileUtilsTestCase" name="testByteCountToDisplaySize" time="0.002"/>
  <testcase classname="org.apache.commons.io.FileUtilsTestCase" name="testToFile1" time="0.005"/>
  <testcase classname="org.apache.commons.io.FileUtilsTestCase" name="testToFile2" time="0.001"/>
  <testcase classname="org.apache.commons.io.FileUtilsTestCase" name="testToFile3" time="0.001"/>
  <testcase classname="org.apache.commons.io.FileUtilsTestCase" name="testToFile4" time="0.001"/>
  <testcase classname="org.apache.commons.io.FileUtilsTestCase" name="testToFile5" time="0.001"/>
  <testcase classname="org.apache.commons.io.FileUtilsTestCase" name="testToFileUtf8" time="0.001"/>
  <testcase classname="org.apache.commons.io.FileUtilsTestCase" name="testDecodeUrl" time="0.001"/>
  <testcase classname="org.apache.commons.io.FileUtilsTestCase" name="testDecodeUrlLenient" time="0.002"/>
  <testcase classname="org.apache.commons.io.FileUtilsTestCase" name="testDecodeUrlNullSafe" time="0"/>
  <testcase classname="org.apache.commons.io.FileUtilsTestCase" name="testDecodeUrlEncodingUtf8" time="0.001"/>
  <testcase classname="org.apache.commons.io.FileUtilsTestCase" name="testToFiles1" time="0.001"/>
  <testcase classname="org.apache.commons.io.FileUtilsTestCase" name="testToFiles2" time="0.001"/>
  <testcase classname="org.apache.commons.io.FileUtilsTestCase" name="testToFiles3" time="0.001"/>
  <testcase classname="org.apache.commons.io.FileUtilsTestCase" name="testToFiles4" time="0.001"/>
  <testcase classname="org.apache.commons.io.FileUtilsTestCase" name="testToURLs1" time="0.002"/>
  <testcase classname="org.apache.commons.io.FileUtilsTestCase" name="testContentEquals" time="0.005"/>
  <testcase classname="org.apache.commons.io.FileUtilsTestCase" name="testContentEqualsIgnoreEOL" time="0.006"/>
  <testcase classname="org.apache.commons.io.FileUtilsTestCase" name="testCopyURLToFile" time="0.002"/>
  <testcase classname="org.apache.commons.io.FileUtilsTestCase" name="testCopyURLToFileWithTimeout" time="0.004"/>
  <testcase classname="org.apache.commons.io.FileUtilsTestCase" name="testForceMkdir" time="0.001"/>
  <testcase classname="org.apache.commons.io.FileUtilsTestCase" name="testSizeOfDirectory" time="0.076"/>
  <testcase classname="org.apache.commons.io.FileUtilsTestCase" name="testSizeOf" time="0.001"/>
  <testcase classname="org.apache.commons.io.FileUtilsTestCase" name="testIsFileNewerOlder" time="2.004"/>
  <testcase classname="org.apache.commons.io.FileUtilsTestCase" name="testCopyFile1" time="0.01"/>
  <testcase classname="org.apache.commons.io.FileUtilsTestCase" name="testCopyFileToOutputStream" time="0.004"/>
  <testcase classname="org.apache.commons.io.FileUtilsTestCase" name="testCopyFile2" time="0.001"/>
  <testcase classname="org.apache.commons.io.FileUtilsTestCase" name="testCopyToSelf" time="0.002"/>
  <testcase classname="org.apache.commons.io.FileUtilsTestCase" name="testCopyFile2WithoutFileDatePreservation" time="0.001"/>
  <testcase classname="org.apache.commons.io.FileUtilsTestCase" name="testCopyDirectoryToDirectory_NonExistingDest" time="0.004"/>
  <testcase classname="org.apache.commons.io.FileUtilsTestCase" name="testGetUserDirectory" time="0.001"/>
  <testcase classname="org.apache.commons.io.FileUtilsTestCase" name="test_openInputStream_exists" time="0.001"/>
  <testcase classname="org.apache.commons.io.FileUtilsTestCase" name="testGetTempDirectoryPath" time="0.005"/>
  <testcase classname="org.apache.commons.io.FileUtilsTestCase" name="testGetTempDirectory" time="0"/>
  <testcase classname="org.apache.commons.io.FileUtilsTestCase" name="testGetUserDirectoryPath" time="0"/>
  <testcase classname="org.apache.commons.io.FileUtilsTestCase" name="testGetFile_Parent" time="0"/>
  <testcase classname="org.apache.commons.io.FileUtilsTestCase" name="testCopyDirectoryToNonExistingDest" time="0.002"/>
  <testcase classname="org.apache.commons.io.FileUtilsTestCase" name="testCopyDirectoryToExistingDest" time="0.002"/>
  <testcase classname="org.apache.commons.io.FileUtilsTestCase" name="testCopyDirectoryFiltered" time="0.005"/>
  <testcase classname="org.apache.commons.io.FileUtilsTestCase" name="testCopyDirectoryPreserveDates" time="0.002"/>
  <testcase classname="org.apache.commons.io.FileUtilsTestCase" name="testCopyDirectoryToChild" time="0.008"/>
  <testcase classname="org.apache.commons.io.FileUtilsTestCase" name="testCopyDirectoryToGrandChild" time="0.004"/>
  <testcase classname="org.apache.commons.io.FileUtilsTestCase" name="testCopyDirectoryToItself" time="0.001"/>
  <testcase classname="org.apache.commons.io.FileUtilsTestCase" name="testCopyDirectoryErrors" time="0.001"/>
  <testcase classname="org.apache.commons.io.FileUtilsTestCase" name="testForceDeleteAFile1" time="0.001"/>
  <testcase classname="org.apache.commons.io.FileUtilsTestCase" name="testForceDeleteAFile2" time="0"/>
  <testcase classname="org.apache.commons.io.FileUtilsTestCase" name="testForceDeleteAFile3" time="0.001"/>
  <testcase classname="org.apache.commons.io.FileUtilsTestCase" name="testCopyFile1ToDir" time="0.001"/>
  <testcase classname="org.apache.commons.io.FileUtilsTestCase" name="testCopyFile2ToDir" time="0"/>
  <testcase classname="org.apache.commons.io.FileUtilsTestCase" name="testForceDeleteDir" time="0.001"/>
  <testcase classname="org.apache.commons.io.FileUtilsTestCase" name="testFileUtils" time="0.002"/>
  <testcase classname="org.apache.commons.io.FileUtilsTestCase" name="testTouch" time="0.013"/>
  <testcase classname="org.apache.commons.io.FileUtilsTestCase" name="testListFiles" time="0.006"/>
  <testcase classname="org.apache.commons.io.FileUtilsTestCase" name="testListFilesWithDirs" time="0.002"/>
  <testcase classname="org.apache.commons.io.FileUtilsTestCase" name="testIterateFiles" time="0.002"/>
  <testcase classname="org.apache.commons.io.FileUtilsTestCase" name="testIterateFilesAndDirs" time="0.007"/>
  <testcase classname="org.apache.commons.io.FileUtilsTestCase" name="testReadFileToStringWithDefaultEncoding" time="0.003"/>
  <testcase classname="org.apache.commons.io.FileUtilsTestCase" name="testReadFileToStringWithEncoding" time="0.003"/>
  <testcase classname="org.apache.commons.io.FileUtilsTestCase" name="testReadFileToByteArray" time="0.003"/>
  <testcase classname="org.apache.commons.io.FileUtilsTestCase" name="testReadLines" time="0.002"/>
  <testcase classname="org.apache.commons.io.FileUtilsTestCase" name="testWriteStringToFile1" time="0.001"/>
  <testcase classname="org.apache.commons.io.FileUtilsTestCase" name="testWriteStringToFile2" time="0"/>
  <testcase classname="org.apache.commons.io.FileUtilsTestCase" name="testWriteCharSequence1" time="0.001"/>
  <testcase classname="org.apache.commons.io.FileUtilsTestCase" name="testWriteCharSequence2" time="0.001"/>
  <testcase classname="org.apache.commons.io.FileUtilsTestCase" name="testWriteByteArrayToFile" time="0.001"/>
  <testcase classname="org.apache.commons.io.FileUtilsTestCase" name="testWriteLines_4arg" time="0.002"/>
  <testcase classname="org.apache.commons.io.FileUtilsTestCase" name="testWriteLines_4arg_Writer_nullData" time="0.002"/>
  <testcase classname="org.apache.commons.io.FileUtilsTestCase" name="testWriteLines_4arg_nullSeparator" time="0.001"/>
  <testcase classname="org.apache.commons.io.FileUtilsTestCase" name="testWriteLines_3arg_nullSeparator" time="0.001"/>
  <testcase classname="org.apache.commons.io.FileUtilsTestCase" name="test_openInputStream_existsButIsDirectory" time="0.001"/>
  <testcase classname="org.apache.commons.io.FileUtilsTestCase" name="test_openInputStream_notExists" time="0.001"/>
  <testcase classname="org.apache.commons.io.FileUtilsTestCase" name="test_openOutputStream_noParentCreateFile" time="0.001"/>
  <testcase classname="org.apache.commons.io.FileUtilsTestCase" name="test_openOutputStream_noParentNoFile" time="0"/>
  <testcase classname="org.apache.commons.io.FileUtilsTestCase" name="test_openOutputStream_exists" time="0.001"/>
  <testcase classname="org.apache.commons.io.FileUtilsTestCase" name="test_openOutputStream_existsButIsDirectory" time="0.001"/>
  <testcase classname="org.apache.commons.io.FileUtilsTestCase" name="test_openOutputStream_notExists" time="0.001"/>
  <testcase classname="org.apache.commons.io.FileUtilsTestCase" name="testWriteLines_5argsWithAppendOptionTrue_ShouldNotDeletePreviousFileLines" time="0.001"/>
  <testcase classname="org.apache.commons.io.FileUtilsTestCase" name="testWriteLines_5argsWithAppendOptionFalse_ShouldDeletePreviousFileLines" time="0.001"/>
  <testcase classname="org.apache.commons.io.FileUtilsTestCase" name="testWriteLines_4argsWithAppendOptionTrue_ShouldNotDeletePreviousFileLines" time="0.001"/>
  <testcase classname="org.apache.commons.io.FileUtilsTestCase" name="testWriteLines_4argsWithAppendOptionFalse_ShouldDeletePreviousFileLines" time="0.001"/>
  <testcase classname="org.apache.commons.io.FileUtilsTestCase" name="testWriteLinesEncoding_WithAppendOptionTrue_ShouldNotDeletePreviousFileLines" time="0"/>
  <testcase classname="org.apache.commons.io.FileUtilsTestCase" name="testWriteLinesEncoding_WithAppendOptionFalse_ShouldDeletePreviousFileLines" time="0.001"/>
  <testcase classname="org.apache.commons.io.FileUtilsTestCase" name="testWriteLines_3argsWithAppendOptionTrue_ShouldNotDeletePreviousFileLines" time="0.001"/>
  <testcase classname="org.apache.commons.io.FileUtilsTestCase" name="testWriteLines_3argsWithAppendOptionFalse_ShouldDeletePreviousFileLines" time="0.001"/>
  <testcase classname="org.apache.commons.io.FileUtilsTestCase" name="testWriteStringToFileWithEncoding_WithAppendOptionTrue_ShouldNotDeletePreviousFileLines" time="0.001"/>
  <testcase classname="org.apache.commons.io.FileUtilsTestCase" name="testWriteStringToFileWithEncoding_WithAppendOptionFalse_ShouldDeletePreviousFileLines" time="0.001"/>
  <testcase classname="org.apache.commons.io.FileUtilsTestCase" name="testWriteStringToFile_WithAppendOptionTrue_ShouldNotDeletePreviousFileLines" time="0.001"/>
  <testcase classname="org.apache.commons.io.FileUtilsTestCase" name="testWriteStringToFile_WithAppendOptionFalse_ShouldDeletePreviousFileLines" time="0.001"/>
  <testcase classname="org.apache.commons.io.FileUtilsTestCase" name="testWriteWithEncoding_WithAppendOptionTrue_ShouldNotDeletePreviousFileLines" time="0.001"/>
  <testcase classname="org.apache.commons.io.FileUtilsTestCase" name="testWriteWithEncoding_WithAppendOptionFalse_ShouldDeletePreviousFileLines" time="0.002"/>
  <testcase classname="org.apache.commons.io.FileUtilsTestCase" name="testWrite_WithAppendOptionTrue_ShouldNotDeletePreviousFileLines" time="0.001"/>
  <testcase classname="org.apache.commons.io.FileUtilsTestCase" name="testWrite_WithAppendOptionFalse_ShouldDeletePreviousFileLines" time="0.001"/>
  <testcase classname="org.apache.commons.io.FileUtilsTestCase" name="testWriteByteArrayToFile_WithAppendOptionTrue_ShouldNotDeletePreviousFileLines" time="0.002"/>
  <testcase classname="org.apache.commons.io.FileUtilsTestCase" name="testWriteByteArrayToFile_WithAppendOptionFalse_ShouldDeletePreviousFileLines" time="0.001"/>
  <testcase classname="org.apache.commons.io.FileUtilsTestCase" name="testChecksumCRC32" time="0.001"/>
  <testcase classname="org.apache.commons.io.FileUtilsTestCase" name="testChecksum" time="0.001"/>
  <testcase classname="org.apache.commons.io.FileUtilsTestCase" name="testChecksumOnNullFile" time="0.001"/>
  <testcase classname="org.apache.commons.io.FileUtilsTestCase" name="testChecksumOnNullChecksum" time="0.001"/>
  <testcase classname="org.apache.commons.io.FileUtilsTestCase" name="testChecksumOnDirectory" time="0"/>
  <testcase classname="org.apache.commons.io.FileUtilsTestCase" name="testChecksumDouble" time="0.002"/>
  <testcase classname="org.apache.commons.io.FileUtilsTestCase" name="testDeleteQuietlyForNull" time="0"/>
  <testcase classname="org.apache.commons.io.FileUtilsTestCase" name="testDeleteQuietlyDir" time="0.001"/>
  <testcase classname="org.apache.commons.io.FileUtilsTestCase" name="testDeleteQuietlyFile" time="0"/>
  <testcase classname="org.apache.commons.io.FileUtilsTestCase" name="testDeleteQuietlyNonExistent" time="0.001"/>
  <testcase classname="org.apache.commons.io.FileUtilsTestCase" name="testMoveFile_Rename" time="0"/>
  <testcase classname="org.apache.commons.io.FileUtilsTestCase" name="testMoveFile_CopyDelete" time="0"/>
  <testcase classname="org.apache.commons.io.FileUtilsTestCase" name="testMoveFile_CopyDelete_Failed" time="0.001"/>
  <testcase classname="org.apache.commons.io.FileUtilsTestCase" name="testMoveFile_Errors" time="0.001"/>
  <testcase classname="org.apache.commons.io.FileUtilsTestCase" name="testMoveFileToDirectory" time="0.001"/>
  <testcase classname="org.apache.commons.io.FileUtilsTestCase" name="testMoveFileToDirectory_Errors" time="0"/>
  <testcase classname="org.apache.commons.io.FileUtilsTestCase" name="testMoveDirectory_Rename" time="0.001"/>
  <testcase classname="org.apache.commons.io.FileUtilsTestCase" name="testMoveDirectory_CopyDelete" time="0.001"/>
  <testcase classname="org.apache.commons.io.FileUtilsTestCase" name="testMoveDirectory_Errors" time="0"/>
  <testcase classname="org.apache.commons.io.FileUtilsTestCase" name="testMoveDirectoryToDirectory" time="0.001"/>
  <testcase classname="org.apache.commons.io.FileUtilsTestCase" name="testMoveDirectoryToDirectory_Errors" time="0.001"/>
  <testcase classname="org.apache.commons.io.FileUtilsTestCase" name="testMoveToDirectory" time="0.001"/>
  <testcase classname="org.apache.commons.io.FileUtilsTestCase" name="testMoveToDirectory_Errors" time="0"/>
  <testcase classname="org.apache.commons.io.FileUtilsTestCase" name="testIO300" time="0.001"/>
  <testcase classname="org.apache.commons.io.FileUtilsTestCase" name="testIO276" time="0.001"/>
  <testcase classname="org.apache.commons.io.FileUtilsTestCase" name="testGetFile" time="0.001"/>
</testsuite>